{"level":"error","message":"extracting eligibility program - DOM has changed or screenshot program error.","timestamp":"2023-04-04T02:25:44.308Z"}
{"level":"error","message":"inside logout functon","timestamp":"2023-04-04T02:25:44.310Z"}
{"level":"error","message":"has clicked","timestamp":"2023-04-04T02:25:44.318Z"}
{"level":"error","message":"extracting eligibility program - DOM has changed or screenshot program error.","timestamp":"2023-04-04T02:26:50.275Z"}
{"level":"error","message":"inside logout functon","timestamp":"2023-04-04T02:26:50.275Z"}
{"level":"error","message":"has clicked","timestamp":"2023-04-04T02:26:50.771Z"}
{"level":"error","message":"extracting eligibility program - DOM has changed or screenshot program error.","timestamp":"2023-04-04T02:28:39.967Z"}
{"level":"error","message":"inside logout functon","timestamp":"2023-04-04T02:28:39.967Z"}
{"level":"error","message":"has clicked","timestamp":"2023-04-04T02:28:39.973Z"}
{"level":"error","message":"extracting eligibility program - DOM has changed or screenshot program error.","timestamp":"2023-04-04T02:31:59.762Z"}
{"level":"error","message":"extracting eligibility program - DOM has changed or screenshot program error.","timestamp":"2023-04-04T02:32:28.050Z"}
{"level":"error","message":"extracting eligibility program - DOM has changed or screenshot program error.","timestamp":"2023-04-04T02:33:41.309Z"}
{"level":"error","message":"extracting eligibility program - DOM has changed or screenshot program error.","timestamp":"2023-04-04T02:33:57.268Z"}
{"level":"error","message":"extracting eligibility program - DOM has changed or screenshot program error.","timestamp":"2023-04-04T02:34:01.287Z"}
{"level":"error","message":"extracting eligibility program - DOM has changed or screenshot program error.","timestamp":"2023-04-04T04:24:45.136Z"}
{"level":"error","message":"extracting eligibility program - DOM has changed or screenshot program error.","timestamp":"2023-04-04T04:36:48.989Z"}
{"level":"error","message":"extracting eligibility program - DOM has changed or screenshot program error.","timestamp":"2023-04-04T04:37:04.214Z"}
{"level":"error","message":"extracting eligibility program - DOM has changed or screenshot program error.","timestamp":"2023-04-04T04:38:11.796Z"}
{"level":"error","message":"extracting eligibility program - DOM has changed or screenshot program error.","timestamp":"2023-04-05T04:12:53.559Z"}
{"level":"error","message":"extracting eligibility program - DOM has changed or screenshot program error.","timestamp":"2023-04-05T04:13:02.411Z"}
{"level":"error","message":"extracting eligibility program - DOM has changed or screenshot program error.","timestamp":"2023-04-05T04:33:40.418Z"}
{"level":"error","message":"extracting eligibility program - DOM has changed or screenshot program error.","timestamp":"2023-04-05T04:33:47.392Z"}
{"level":"error","message":"extracting eligibility program - DOM has changed or screenshot program error.","timestamp":"2023-04-05T04:36:10.381Z"}
{"level":"error","message":"extracting eligibility program - DOM has changed or screenshot program error.","timestamp":"2023-04-05T04:36:23.691Z"}
{"level":"error","message":"extracting eligibility program - DOM has changed or screenshot program error.","timestamp":"2023-04-05T04:39:20.820Z"}
{"level":"error","message":"extracting eligibility program - DOM has changed or screenshot program error.","timestamp":"2023-04-05T04:42:29.714Z"}
{"level":"error","message":"extracting eligibility program - DOM has changed or screenshot program error.","timestamp":"2023-04-05T04:42:38.306Z"}
{"level":"error","message":"extracting eligibility program - DOM has changed or screenshot program error.","timestamp":"2023-04-05T04:49:49.531Z"}
{"level":"error","message":"extracting eligibility program - DOM has changed or screenshot program error.","timestamp":"2023-04-05T04:50:44.899Z"}
{"level":"error","message":"extracting eligibility program - DOM has changed or screenshot program error.","timestamp":"2023-04-05T04:52:23.383Z"}
{"level":"error","message":"extracting eligibility program - DOM has changed or screenshot program error.","timestamp":"2023-04-05T04:52:34.790Z"}
{"level":"error","message":"extracting eligibility program - DOM has changed or screenshot program error.","timestamp":"2023-04-05T04:54:25.621Z"}
{"level":"error","message":"extracting eligibility program - DOM has changed or screenshot program error.","timestamp":"2023-04-05T04:54:29.641Z"}
{"level":"error","message":" login page - DOM has changed.","timestamp":"2023-04-05T04:56:32.867Z"}
{"level":"error","name":"TimeoutError","remoteStacktrace":"","timestamp":"2023-04-05T04:56:32.871Z"}
{"level":"error","message":" overall execution - chrome browser build() not working or execution failed.","timestamp":"2023-04-05T04:56:32.871Z"}
{"level":"error","message":"","timestamp":"2023-04-05T04:56:32.872Z"}
{"level":"error","message":"extracting eligibility program - DOM has changed or screenshot program error.","timestamp":"2023-04-05T04:57:14.910Z"}
{"level":"error","message":"extracting eligibility program - DOM has changed or screenshot program error.","timestamp":"2023-04-05T04:57:18.557Z"}
{"level":"error","message":" emirates ID section - DOM has changed.","timestamp":"2023-04-05T04:59:16.570Z"}
{"level":"error","message":" overall execution - chrome browser build() not working or execution failed.","timestamp":"2023-04-05T04:59:16.582Z"}
{"level":"error","message":"","timestamp":"2023-04-05T04:59:16.582Z"}
{"level":"error","message":"extracting eligibility program - DOM has changed or screenshot program error.","timestamp":"2023-04-05T05:00:22.609Z"}
{"level":"error","message":"extracting eligibility program - DOM has changed or screenshot program error.","timestamp":"2023-04-05T05:01:00.387Z"}
